2022-06-19 12:34:28,924 [main] INFO  marytts.main Mary starting up...
2022-06-19 12:34:28,926 [main] INFO  marytts.main Specification version 5.2.1
2022-06-19 12:34:28,926 [main] INFO  marytts.main Implementation version unknown
2022-06-19 12:34:28,926 [main] INFO  marytts.main Running on a Java 12.0.2 implementation by Oracle Corporation, on a Mac OS X platform (x86_64, 10.16)
2022-06-19 12:34:29,023 [main] INFO  marytts.ModuleRegistry Now initiating mary module 'marytts.language.en.JTokeniser'
2022-06-19 12:34:29,025 [main] INFO  marytts.ModuleRegistry Now initiating mary module 'marytts.language.en.Preprocess'
2022-06-19 12:34:29,390 [main] INFO  marytts.ModuleRegistry Now initiating mary module 'marytts.modules.JPhonemiser(en_US.)'
2022-06-19 12:34:29,391 [main] INFO  marytts.JPhonemiser User dictionary './user-dictionaries/userdict-en_US.txt' for locale 'en_US' does not exist. Ignoring.
2022-06-19 12:34:29,427 [main] INFO  marytts.ModuleRegistry Now initiating mary module 'marytts.modules.JPhonemiser(en_GB.)'
2022-06-19 12:34:29,428 [main] INFO  marytts.JPhonemiser User dictionary './user-dictionaries/userdict-en_GB.txt' for locale 'en_GB' does not exist. Ignoring.
2022-06-19 12:34:29,450 [main] INFO  marytts.ModuleRegistry Now initiating mary module 'marytts.language.en.Prosody'
2022-06-19 12:34:29,455 [main] INFO  marytts.ModuleRegistry Now initiating mary module 'marytts.modules.SimplePhoneme2AP(en_US)'
2022-06-19 12:34:29,455 [main] INFO  marytts.ModuleRegistry Now initiating mary module 'marytts.language.en.PronunciationModel'
2022-06-19 12:34:29,457 [main] INFO  marytts.ModuleRegistry Now initiating mary module 'marytts.modules.OpenNLPPosTagger(en,en.pos)'
2022-06-19 12:34:29,458 [main] INFO  marytts.ModuleRegistry Now initiating mary module 'marytts.modules.Synthesis'
2022-06-19 12:34:29,458 [main] INFO  marytts.ModuleRegistry Now initiating mary module 'marytts.modules.TextToMaryXML'
2022-06-19 12:34:29,459 [main] INFO  marytts.ModuleRegistry Now initiating mary module 'marytts.modules.SableParser'
2022-06-19 12:34:29,459 [main] INFO  marytts.ModuleRegistry Now initiating mary module 'marytts.modules.SSMLParser'
2022-06-19 12:34:29,460 [main] INFO  marytts.ModuleRegistry Now initiating mary module 'marytts.modules.APMLParser'
2022-06-19 12:34:29,460 [main] INFO  marytts.ModuleRegistry Now initiating mary module 'marytts.modules.EmotionmlParser'
2022-06-19 12:34:29,460 [main] INFO  marytts.ModuleRegistry Now initiating mary module 'marytts.modules.JTokeniser'
2022-06-19 12:34:29,461 [main] INFO  marytts.ModuleRegistry Now initiating mary module 'marytts.modules.DummyTokens2Words'
2022-06-19 12:34:29,461 [main] INFO  marytts.ModuleRegistry Now initiating mary module 'marytts.modules.ProsodyGeneric'
2022-06-19 12:34:29,461 [main] INFO  marytts.ModuleRegistry Now initiating mary module 'marytts.modules.PronunciationModel'
2022-06-19 12:34:29,461 [main] INFO  marytts.ModuleRegistry Now initiating mary module 'marytts.modules.TargetFeatureLister'
2022-06-19 12:34:29,462 [main] INFO  marytts.ModuleRegistry Now initiating mary module 'marytts.modules.HalfPhoneTargetFeatureLister'
2022-06-19 12:34:29,462 [main] INFO  marytts.ModuleRegistry Now initiating mary module 'marytts.modules.AcousticModeller'
2022-06-19 12:34:29,463 [main] INFO  marytts.ModuleRegistry Now initiating mary module 'marytts.modules.RealisedAcoustparamsExtractor'
2022-06-19 12:34:29,463 [main] INFO  marytts.ModuleRegistry Now initiating mary module 'marytts.modules.RealisedDurationsExtractor'
2022-06-19 12:34:29,463 [main] INFO  marytts.ModuleRegistry Now initiating mary module 'marytts.modules.HTSEngine'
2022-06-19 12:34:29,464 [main] INFO  marytts.ModuleRegistry Now initiating mary module 'marytts.modules.PraatTextGridGenerator'
2022-06-19 12:34:29,466 [main] INFO  marytts.JTokeniser Module started (RAWMARYXML->TOKENS, locale en).
2022-06-19 12:34:29,503 [main] INFO  marytts.JTokeniser Starting power-on self test.
2022-06-19 12:34:29,504 [main] INFO  marytts.JTokeniser Power-on self test complete.
2022-06-19 12:34:29,504 [main] INFO  marytts.Preprocess Module started (TOKENS->WORDS, locale en).
2022-06-19 12:34:29,504 [main] INFO  marytts.Preprocess Starting power-on self test.
2022-06-19 12:34:29,504 [main] INFO  marytts.Preprocess Power-on self test complete.
2022-06-19 12:34:29,504 [main] INFO  marytts.JPhonemiser Module started (PARTSOFSPEECH->PHONEMES, locale en_US).
2022-06-19 12:34:29,504 [main] INFO  marytts.JPhonemiser Starting power-on self test.
2022-06-19 12:34:29,505 [main] INFO  marytts.JPhonemiser Power-on self test complete.
2022-06-19 12:34:29,505 [main] INFO  marytts.JPhonemiser Module started (PARTSOFSPEECH->PHONEMES, locale en_GB).
2022-06-19 12:34:29,505 [main] INFO  marytts.JPhonemiser Starting power-on self test.
2022-06-19 12:34:29,505 [main] INFO  marytts.JPhonemiser Power-on self test complete.
2022-06-19 12:34:29,511 [main] INFO  marytts.Prosody Module started (PHONEMES->INTONATION, locale en).
2022-06-19 12:34:29,512 [main] INFO  marytts.Prosody Starting power-on self test.
2022-06-19 12:34:29,512 [main] INFO  marytts.Prosody Power-on self test complete.
2022-06-19 12:34:29,512 [main] INFO  marytts.SimplePhoneme2AP Module started (SIMPLEPHONEMES->ACOUSTPARAMS, locale en_US).
2022-06-19 12:34:29,512 [main] INFO  marytts.SimplePhoneme2AP Starting power-on self test.
2022-06-19 12:34:29,516 [main] INFO  marytts.SimplePhoneme2AP Power-on self test complete.
2022-06-19 12:34:29,517 [main] INFO  marytts.PronunciationModel Module started (INTONATION->ALLOPHONES, locale en).
2022-06-19 12:34:29,517 [main] INFO  marytts.PronunciationModel Starting power-on self test.
2022-06-19 12:34:29,517 [main] INFO  marytts.PronunciationModel Power-on self test complete.
2022-06-19 12:34:29,517 [main] INFO  marytts.OpenNLPPosTagger Module started (WORDS->PARTSOFSPEECH, locale en).
2022-06-19 12:34:30,296 [main] INFO  marytts.OpenNLPPosTagger Starting power-on self test.
2022-06-19 12:34:30,296 [main] INFO  marytts.OpenNLPPosTagger Power-on self test complete.
2022-06-19 12:34:30,297 [main] INFO  marytts.UnitSelectionSynthesizer started.
2022-06-19 12:34:30,298 [main] INFO  marytts.TargetFeatureLister Module started (ACOUSTPARAMS->TARGETFEATURES, locale null).
2022-06-19 12:34:30,298 [main] INFO  marytts.HTSEngine Module started (TARGETFEATURES->AUDIO, locale null).
2022-06-19 12:34:30,312 [main] INFO  marytts.HMMData Loading Tree Set in CARTs:
2022-06-19 12:34:30,462 [main] INFO  marytts.HMMData Loading GV Model Set:
2022-06-19 12:34:30,579 [main] INFO  marytts.Voice Registering voice `dfki-prudence-hsmm': female, locale en_GB
2022-06-19 12:34:30,579 [main] INFO  marytts.Voice New default voice for locale en_GB: dfki-prudence-hsmm (desire 0)
2022-06-19 12:34:30,581 [main] INFO  marytts.HMMData Loading Tree Set in CARTs:
2022-06-19 12:34:30,622 [main] INFO  marytts.HMMData Loading GV Model Set:
2022-06-19 12:34:30,704 [main] INFO  marytts.Voice Registering voice `dfki-spike-hsmm': male, locale en_GB
2022-06-19 12:34:30,706 [main] INFO  marytts.HMMData Loading Tree Set in CARTs:
2022-06-19 12:34:30,736 [main] INFO  marytts.HMMData Loading GV Model Set:
2022-06-19 12:34:30,796 [main] INFO  marytts.Voice Registering voice `dfki-poppy-hsmm': female, locale en_GB
2022-06-19 12:34:30,799 [main] INFO  marytts.HMMData Loading Tree Set in CARTs:
2022-06-19 12:34:30,838 [main] INFO  marytts.HMMData Loading GV Model Set:
2022-06-19 12:34:30,914 [main] INFO  marytts.Voice Registering voice `dfki-obadiah-hsmm': male, locale en_GB
2022-06-19 12:34:30,916 [main] INFO  marytts.HMMData Loading Tree Set in CARTs:
2022-06-19 12:34:30,941 [main] INFO  marytts.HMMData Loading GV Model Set:
2022-06-19 12:34:30,993 [main] INFO  marytts.Voice Registering voice `cmu-slt-hsmm': female, locale en_US
2022-06-19 12:34:30,993 [main] INFO  marytts.Voice New default voice for locale en_US: cmu-slt-hsmm (desire 0)
2022-06-19 12:34:30,993 [main] INFO  marytts.HMMSynthesizer started.
2022-06-19 12:34:30,993 [main] INFO  marytts.Synthesis Module started (ACOUSTPARAMS->AUDIO, locale null).
2022-06-19 12:34:30,993 [main] INFO  marytts.HMMSynthesizer Starting power-on self test.
2022-06-19 12:34:30,993 [main] INFO  marytts.HMMSynthesizer Power-on self test complete.
2022-06-19 12:34:30,994 [main] INFO  marytts.TextToMaryXML Module started (TEXT->RAWMARYXML, locale null).
2022-06-19 12:34:30,994 [main] INFO  marytts.TextToMaryXML Starting power-on self test.
2022-06-19 12:34:30,994 [main] WARN  marytts.TextToMaryXML Locale is null, overriding with en_AU
2022-06-19 12:34:30,994 [main] WARN  marytts.TextToMaryXML Locale is null, overriding with en_AU
2022-06-19 12:34:30,994 [main] INFO  marytts.TextToMaryXML Power-on self test complete.
2022-06-19 12:34:31,156 [main] INFO  marytts.SableParser Module started (SABLE->RAWMARYXML, locale null).
2022-06-19 12:34:31,156 [main] INFO  marytts.SableParser Starting power-on self test.
2022-06-19 12:34:31,156 [main] INFO  marytts.SableParser Power-on self test complete.
2022-06-19 12:34:31,195 [main] INFO  marytts.SSMLParser Module started (SSML->RAWMARYXML, locale null).
2022-06-19 12:34:31,195 [main] INFO  marytts.SSMLParser Starting power-on self test.
2022-06-19 12:34:31,195 [main] INFO  marytts.SSMLParser Power-on self test complete.
2022-06-19 12:34:31,224 [main] INFO  marytts.APMLParser Module started (APML->RAWMARYXML, locale null).
2022-06-19 12:34:31,224 [main] INFO  marytts.APMLParser Starting power-on self test.
2022-06-19 12:34:31,224 [main] INFO  marytts.APMLParser Power-on self test complete.
2022-06-19 12:34:31,244 [main] INFO  marytts.EmotionmlParser Module started (EMOTIONML->RAWMARYXML, locale null).
2022-06-19 12:34:31,244 [main] INFO  marytts.EmotionmlParser Starting power-on self test.
2022-06-19 12:34:31,244 [main] INFO  marytts.EmotionmlParser Power-on self test complete.
2022-06-19 12:34:31,244 [main] INFO  marytts.JTokeniser Module started (RAWMARYXML->TOKENS, locale null).
2022-06-19 12:34:31,252 [main] INFO  marytts.JTokeniser Starting power-on self test.
2022-06-19 12:34:31,252 [main] INFO  marytts.JTokeniser Power-on self test complete.
2022-06-19 12:34:31,252 [main] INFO  marytts.DummyTokens2Words Module started (TOKENS->WORDS, locale null).
2022-06-19 12:34:31,252 [main] INFO  marytts.DummyTokens2Words Starting power-on self test.
2022-06-19 12:34:31,252 [main] INFO  marytts.DummyTokens2Words Power-on self test complete.
2022-06-19 12:34:31,255 [main] INFO  marytts.Prosody Module started (PHONEMES->INTONATION, locale null).
2022-06-19 12:34:31,255 [main] INFO  marytts.Prosody Starting power-on self test.
2022-06-19 12:34:31,255 [main] INFO  marytts.Prosody Power-on self test complete.
2022-06-19 12:34:31,255 [main] INFO  marytts.PronunciationModel Module started (INTONATION->ALLOPHONES, locale null).
2022-06-19 12:34:31,255 [main] INFO  marytts.PronunciationModel Starting power-on self test.
2022-06-19 12:34:31,255 [main] INFO  marytts.PronunciationModel Power-on self test complete.
2022-06-19 12:34:31,255 [main] INFO  marytts.TargetFeatureLister Starting power-on self test.
2022-06-19 12:34:31,255 [main] INFO  marytts.TargetFeatureLister Power-on self test complete.
2022-06-19 12:34:31,255 [main] INFO  marytts.TargetFeatureLister Module started (ACOUSTPARAMS->HALFPHONE_TARGETFEATURES, locale null).
2022-06-19 12:34:31,255 [main] INFO  marytts.TargetFeatureLister Starting power-on self test.
2022-06-19 12:34:31,255 [main] INFO  marytts.TargetFeatureLister Power-on self test complete.
2022-06-19 12:34:31,255 [main] INFO  marytts.AcousticModeller Module started (ALLOPHONES->ACOUSTPARAMS, locale null).
2022-06-19 12:34:31,255 [main] INFO  marytts.AcousticModeller Starting power-on self test.
2022-06-19 12:34:31,255 [main] INFO  marytts.AcousticModeller Power-on self test complete.
2022-06-19 12:34:31,255 [main] INFO  marytts.Realised acoustparams extractor Module started (AUDIO->REALISED_ACOUSTPARAMS, locale null).
2022-06-19 12:34:31,255 [main] INFO  marytts.Realised acoustparams extractor Starting power-on self test.
2022-06-19 12:34:31,255 [main] INFO  marytts.Realised acoustparams extractor Power-on self test complete.
2022-06-19 12:34:31,255 [main] INFO  marytts.Realised durations extractor Module started (AUDIO->REALISED_DURATIONS, locale null).
2022-06-19 12:34:31,256 [main] INFO  marytts.Realised durations extractor Starting power-on self test.
2022-06-19 12:34:31,256 [main] INFO  marytts.Realised durations extractor Power-on self test complete.
2022-06-19 12:34:31,256 [main] INFO  marytts.Praat TextGrid generator Module started (REALISED_ACOUSTPARAMS->PRAAT_TEXTGRID, locale null).
2022-06-19 12:34:31,256 [main] INFO  marytts.Praat TextGrid generator Starting power-on self test.
2022-06-19 12:34:31,256 [main] INFO  marytts.Praat TextGrid generator Power-on self test complete.
2022-06-19 12:34:31,256 [main] INFO  marytts.main Startup complete.
2022-06-19 12:34:31,260 [Thread-1] INFO  marytts.main Shutting down modules...
2022-06-19 12:34:31,261 [Thread-1] INFO  marytts.JTokeniser Module shut down.
2022-06-19 12:34:31,261 [Thread-1] INFO  marytts.Preprocess Module shut down.
2022-06-19 12:34:31,261 [Thread-1] INFO  marytts.JPhonemiser Module shut down.
2022-06-19 12:34:31,261 [Thread-1] INFO  marytts.JPhonemiser Module shut down.
2022-06-19 12:34:31,261 [Thread-1] INFO  marytts.Prosody Module shut down.
2022-06-19 12:34:31,261 [Thread-1] INFO  marytts.SimplePhoneme2AP Module shut down.
2022-06-19 12:34:31,261 [Thread-1] INFO  marytts.PronunciationModel Module shut down.
2022-06-19 12:34:31,261 [Thread-1] INFO  marytts.OpenNLPPosTagger Module shut down.
2022-06-19 12:34:31,261 [Thread-1] INFO  marytts.Synthesis Module shut down.
2022-06-19 12:34:31,261 [Thread-1] INFO  marytts.TextToMaryXML Module shut down.
2022-06-19 12:34:31,261 [Thread-1] INFO  marytts.SableParser Module shut down.
2022-06-19 12:34:31,261 [Thread-1] INFO  marytts.SSMLParser Module shut down.
2022-06-19 12:34:31,262 [Thread-1] INFO  marytts.APMLParser Module shut down.
2022-06-19 12:34:31,262 [Thread-1] INFO  marytts.EmotionmlParser Module shut down.
2022-06-19 12:34:31,262 [Thread-1] INFO  marytts.JTokeniser Module shut down.
2022-06-19 12:34:31,262 [Thread-1] INFO  marytts.DummyTokens2Words Module shut down.
2022-06-19 12:34:31,262 [Thread-1] INFO  marytts.Prosody Module shut down.
2022-06-19 12:34:31,262 [Thread-1] INFO  marytts.PronunciationModel Module shut down.
2022-06-19 12:34:31,262 [Thread-1] INFO  marytts.TargetFeatureLister Module shut down.
2022-06-19 12:34:31,262 [Thread-1] INFO  marytts.TargetFeatureLister Module shut down.
2022-06-19 12:34:31,262 [Thread-1] INFO  marytts.AcousticModeller Module shut down.
2022-06-19 12:34:31,262 [Thread-1] INFO  marytts.Realised acoustparams extractor Module shut down.
2022-06-19 12:34:31,262 [Thread-1] INFO  marytts.Realised durations extractor Module shut down.
2022-06-19 12:34:31,262 [Thread-1] INFO  marytts.HTSEngine Module shut down.
2022-06-19 12:34:31,262 [Thread-1] INFO  marytts.Praat TextGrid generator Module shut down.
2022-06-19 12:34:31,263 [Thread-1] INFO  marytts.main Shutdown complete.
2022-06-20 14:40:33,283 [main] INFO  marytts.main Mary starting up...
2022-06-20 14:40:33,330 [main] INFO  marytts.main Specification version 5.2.1
2022-06-20 14:40:33,330 [main] INFO  marytts.main Implementation version unknown
2022-06-20 14:40:33,330 [main] INFO  marytts.main Running on a Java 17.0.3 implementation by GraalVM Community, on a Mac OS X platform (x86_64, 12.4)
2022-06-20 14:40:34,108 [main] INFO  marytts.ModuleRegistry Now initiating mary module 'marytts.language.en.JTokeniser'
2022-06-20 14:40:34,143 [main] INFO  marytts.ModuleRegistry Now initiating mary module 'marytts.language.en.Preprocess'
2022-06-20 14:40:34,903 [main] INFO  marytts.ModuleRegistry Now initiating mary module 'marytts.modules.JPhonemiser(en_US.)'
2022-06-20 14:40:34,946 [main] INFO  marytts.JPhonemiser User dictionary './user-dictionaries/userdict-en_US.txt' for locale 'en_US' does not exist. Ignoring.
2022-06-20 14:40:35,172 [main] INFO  marytts.ModuleRegistry Now initiating mary module 'marytts.modules.JPhonemiser(en_GB.)'
2022-06-20 14:40:35,172 [main] INFO  marytts.JPhonemiser User dictionary './user-dictionaries/userdict-en_GB.txt' for locale 'en_GB' does not exist. Ignoring.
2022-06-20 14:40:35,282 [main] INFO  marytts.ModuleRegistry Now initiating mary module 'marytts.language.en.Prosody'
2022-06-20 14:40:35,284 [main] INFO  marytts.ModuleRegistry Now initiating mary module 'marytts.modules.SimplePhoneme2AP(en_US)'
2022-06-20 14:40:35,313 [main] INFO  marytts.ModuleRegistry Now initiating mary module 'marytts.language.en.PronunciationModel'
2022-06-20 14:40:35,314 [main] INFO  marytts.ModuleRegistry Now initiating mary module 'marytts.modules.OpenNLPPosTagger(en,en.pos)'
2022-06-20 14:40:35,316 [main] INFO  marytts.ModuleRegistry Now initiating mary module 'marytts.modules.Synthesis'
2022-06-20 14:40:35,344 [main] INFO  marytts.ModuleRegistry Now initiating mary module 'marytts.modules.TextToMaryXML'
2022-06-20 14:40:35,345 [main] INFO  marytts.ModuleRegistry Now initiating mary module 'marytts.modules.SableParser'
2022-06-20 14:40:35,370 [main] INFO  marytts.ModuleRegistry Now initiating mary module 'marytts.modules.SSMLParser'
2022-06-20 14:40:35,371 [main] INFO  marytts.ModuleRegistry Now initiating mary module 'marytts.modules.APMLParser'
2022-06-20 14:40:35,371 [main] INFO  marytts.ModuleRegistry Now initiating mary module 'marytts.modules.EmotionmlParser'
2022-06-20 14:40:35,372 [main] INFO  marytts.ModuleRegistry Now initiating mary module 'marytts.modules.JTokeniser'
2022-06-20 14:40:35,372 [main] INFO  marytts.ModuleRegistry Now initiating mary module 'marytts.modules.DummyTokens2Words'
2022-06-20 14:40:35,373 [main] INFO  marytts.ModuleRegistry Now initiating mary module 'marytts.modules.ProsodyGeneric'
2022-06-20 14:40:35,373 [main] INFO  marytts.ModuleRegistry Now initiating mary module 'marytts.modules.PronunciationModel'
2022-06-20 14:40:35,373 [main] INFO  marytts.ModuleRegistry Now initiating mary module 'marytts.modules.TargetFeatureLister'
2022-06-20 14:40:35,374 [main] INFO  marytts.ModuleRegistry Now initiating mary module 'marytts.modules.HalfPhoneTargetFeatureLister'
2022-06-20 14:40:35,374 [main] INFO  marytts.ModuleRegistry Now initiating mary module 'marytts.modules.AcousticModeller'
2022-06-20 14:40:35,391 [main] INFO  marytts.ModuleRegistry Now initiating mary module 'marytts.modules.RealisedAcoustparamsExtractor'
2022-06-20 14:40:35,391 [main] INFO  marytts.ModuleRegistry Now initiating mary module 'marytts.modules.RealisedDurationsExtractor'
2022-06-20 14:40:35,392 [main] INFO  marytts.ModuleRegistry Now initiating mary module 'marytts.modules.HTSEngine'
2022-06-20 14:40:35,393 [main] INFO  marytts.ModuleRegistry Now initiating mary module 'marytts.modules.PraatTextGridGenerator'
2022-06-20 14:40:35,439 [main] INFO  marytts.JTokeniser Module started (RAWMARYXML->TOKENS, locale en).
2022-06-20 14:40:35,652 [main] INFO  marytts.JTokeniser Starting power-on self test.
2022-06-20 14:40:35,721 [main] INFO  marytts.JTokeniser Power-on self test complete.
2022-06-20 14:40:35,721 [main] INFO  marytts.Preprocess Module started (TOKENS->WORDS, locale en).
2022-06-20 14:40:35,721 [main] INFO  marytts.Preprocess Starting power-on self test.
2022-06-20 14:40:35,722 [main] INFO  marytts.Preprocess Power-on self test complete.
2022-06-20 14:40:35,722 [main] INFO  marytts.JPhonemiser Module started (PARTSOFSPEECH->PHONEMES, locale en_US).
2022-06-20 14:40:35,722 [main] INFO  marytts.JPhonemiser Starting power-on self test.
2022-06-20 14:40:35,722 [main] INFO  marytts.JPhonemiser Power-on self test complete.
2022-06-20 14:40:35,722 [main] INFO  marytts.JPhonemiser Module started (PARTSOFSPEECH->PHONEMES, locale en_GB).
2022-06-20 14:40:35,722 [main] INFO  marytts.JPhonemiser Starting power-on self test.
2022-06-20 14:40:35,723 [main] INFO  marytts.JPhonemiser Power-on self test complete.
2022-06-20 14:40:35,766 [main] INFO  marytts.Prosody Module started (PHONEMES->INTONATION, locale en).
2022-06-20 14:40:35,766 [main] INFO  marytts.Prosody Starting power-on self test.
2022-06-20 14:40:35,766 [main] INFO  marytts.Prosody Power-on self test complete.
2022-06-20 14:40:35,766 [main] INFO  marytts.SimplePhoneme2AP Module started (SIMPLEPHONEMES->ACOUSTPARAMS, locale en_US).
2022-06-20 14:40:35,767 [main] INFO  marytts.SimplePhoneme2AP Starting power-on self test.
2022-06-20 14:40:35,802 [main] INFO  marytts.SimplePhoneme2AP Power-on self test complete.
2022-06-20 14:40:35,803 [main] INFO  marytts.PronunciationModel Module started (INTONATION->ALLOPHONES, locale en).
2022-06-20 14:40:35,803 [main] INFO  marytts.PronunciationModel Starting power-on self test.
2022-06-20 14:40:35,803 [main] INFO  marytts.PronunciationModel Power-on self test complete.
2022-06-20 14:40:35,803 [main] INFO  marytts.OpenNLPPosTagger Module started (WORDS->PARTSOFSPEECH, locale en).
2022-06-20 14:40:36,468 [main] INFO  marytts.OpenNLPPosTagger Starting power-on self test.
2022-06-20 14:40:36,469 [main] INFO  marytts.OpenNLPPosTagger Power-on self test complete.
2022-06-20 14:40:36,470 [main] INFO  marytts.UnitSelectionSynthesizer started.
2022-06-20 14:40:36,472 [main] INFO  marytts.TargetFeatureLister Module started (ACOUSTPARAMS->TARGETFEATURES, locale null).
2022-06-20 14:40:36,472 [main] INFO  marytts.HTSEngine Module started (TARGETFEATURES->AUDIO, locale null).
2022-06-20 14:40:36,507 [main] INFO  marytts.HMMData Loading Tree Set in CARTs:
2022-06-20 14:40:36,593 [main] INFO  marytts.HMMData Loading GV Model Set:
2022-06-20 14:40:36,758 [main] INFO  marytts.Voice Registering voice `dfki-prudence-hsmm': female, locale en_GB
2022-06-20 14:40:36,758 [main] INFO  marytts.Voice New default voice for locale en_GB: dfki-prudence-hsmm (desire 0)
2022-06-20 14:40:36,772 [main] INFO  marytts.HMMData Loading Tree Set in CARTs:
2022-06-20 14:40:36,816 [main] INFO  marytts.HMMData Loading GV Model Set:
2022-06-20 14:40:36,957 [main] INFO  marytts.Voice Registering voice `dfki-spike-hsmm': male, locale en_GB
2022-06-20 14:40:36,960 [main] INFO  marytts.HMMData Loading Tree Set in CARTs:
2022-06-20 14:40:36,982 [main] INFO  marytts.HMMData Loading GV Model Set:
2022-06-20 14:40:37,046 [main] INFO  marytts.Voice Registering voice `dfki-poppy-hsmm': female, locale en_GB
2022-06-20 14:40:37,055 [main] INFO  marytts.HMMData Loading Tree Set in CARTs:
2022-06-20 14:40:37,090 [main] INFO  marytts.HMMData Loading GV Model Set:
2022-06-20 14:40:37,184 [main] INFO  marytts.Voice Registering voice `dfki-obadiah-hsmm': male, locale en_GB
2022-06-20 14:40:37,229 [main] INFO  marytts.HMMData Loading Tree Set in CARTs:
2022-06-20 14:40:37,281 [main] INFO  marytts.HMMData Loading GV Model Set:
2022-06-20 14:40:37,447 [main] INFO  marytts.Voice Registering voice `cmu-slt-hsmm': female, locale en_US
2022-06-20 14:40:37,448 [main] INFO  marytts.Voice New default voice for locale en_US: cmu-slt-hsmm (desire 0)
2022-06-20 14:40:37,448 [main] INFO  marytts.HMMSynthesizer started.
2022-06-20 14:40:37,448 [main] INFO  marytts.Synthesis Module started (ACOUSTPARAMS->AUDIO, locale null).
2022-06-20 14:40:37,448 [main] INFO  marytts.HMMSynthesizer Starting power-on self test.
2022-06-20 14:40:37,449 [main] INFO  marytts.HMMSynthesizer Power-on self test complete.
2022-06-20 14:40:37,450 [main] INFO  marytts.TextToMaryXML Module started (TEXT->RAWMARYXML, locale null).
2022-06-20 14:40:37,450 [main] INFO  marytts.TextToMaryXML Starting power-on self test.
2022-06-20 14:40:37,451 [main] WARN  marytts.TextToMaryXML Locale is null, overriding with en_AU
2022-06-20 14:40:37,451 [main] WARN  marytts.TextToMaryXML Locale is null, overriding with en_AU
2022-06-20 14:40:37,451 [main] INFO  marytts.TextToMaryXML Power-on self test complete.
2022-06-20 14:40:38,640 [main] INFO  marytts.SableParser Module started (SABLE->RAWMARYXML, locale null).
2022-06-20 14:40:38,656 [main] INFO  marytts.SableParser Starting power-on self test.
2022-06-20 14:40:38,657 [main] INFO  marytts.SableParser Power-on self test complete.
2022-06-20 14:40:38,771 [main] INFO  marytts.SSMLParser Module started (SSML->RAWMARYXML, locale null).
2022-06-20 14:40:38,771 [main] INFO  marytts.SSMLParser Starting power-on self test.
2022-06-20 14:40:38,771 [main] INFO  marytts.SSMLParser Power-on self test complete.
2022-06-20 14:40:38,862 [main] INFO  marytts.APMLParser Module started (APML->RAWMARYXML, locale null).
2022-06-20 14:40:38,862 [main] INFO  marytts.APMLParser Starting power-on self test.
2022-06-20 14:40:38,862 [main] INFO  marytts.APMLParser Power-on self test complete.
2022-06-20 14:40:38,887 [main] INFO  marytts.EmotionmlParser Module started (EMOTIONML->RAWMARYXML, locale null).
2022-06-20 14:40:38,887 [main] INFO  marytts.EmotionmlParser Starting power-on self test.
2022-06-20 14:40:38,887 [main] INFO  marytts.EmotionmlParser Power-on self test complete.
2022-06-20 14:40:38,887 [main] INFO  marytts.JTokeniser Module started (RAWMARYXML->TOKENS, locale null).
2022-06-20 14:40:38,895 [main] INFO  marytts.JTokeniser Starting power-on self test.
2022-06-20 14:40:38,895 [main] INFO  marytts.JTokeniser Power-on self test complete.
2022-06-20 14:40:38,895 [main] INFO  marytts.DummyTokens2Words Module started (TOKENS->WORDS, locale null).
2022-06-20 14:40:38,895 [main] INFO  marytts.DummyTokens2Words Starting power-on self test.
2022-06-20 14:40:38,895 [main] INFO  marytts.DummyTokens2Words Power-on self test complete.
2022-06-20 14:40:38,897 [main] INFO  marytts.Prosody Module started (PHONEMES->INTONATION, locale null).
2022-06-20 14:40:38,897 [main] INFO  marytts.Prosody Starting power-on self test.
2022-06-20 14:40:38,897 [main] INFO  marytts.Prosody Power-on self test complete.
2022-06-20 14:40:38,897 [main] INFO  marytts.PronunciationModel Module started (INTONATION->ALLOPHONES, locale null).
2022-06-20 14:40:38,897 [main] INFO  marytts.PronunciationModel Starting power-on self test.
2022-06-20 14:40:38,897 [main] INFO  marytts.PronunciationModel Power-on self test complete.
2022-06-20 14:40:38,898 [main] INFO  marytts.TargetFeatureLister Starting power-on self test.
2022-06-20 14:40:38,898 [main] INFO  marytts.TargetFeatureLister Power-on self test complete.
2022-06-20 14:40:38,898 [main] INFO  marytts.TargetFeatureLister Module started (ACOUSTPARAMS->HALFPHONE_TARGETFEATURES, locale null).
2022-06-20 14:40:38,898 [main] INFO  marytts.TargetFeatureLister Starting power-on self test.
2022-06-20 14:40:38,898 [main] INFO  marytts.TargetFeatureLister Power-on self test complete.
2022-06-20 14:40:38,898 [main] INFO  marytts.AcousticModeller Module started (ALLOPHONES->ACOUSTPARAMS, locale null).
2022-06-20 14:40:38,898 [main] INFO  marytts.AcousticModeller Starting power-on self test.
2022-06-20 14:40:38,898 [main] INFO  marytts.AcousticModeller Power-on self test complete.
2022-06-20 14:40:38,898 [main] INFO  marytts.Realised acoustparams extractor Module started (AUDIO->REALISED_ACOUSTPARAMS, locale null).
2022-06-20 14:40:38,898 [main] INFO  marytts.Realised acoustparams extractor Starting power-on self test.
2022-06-20 14:40:38,898 [main] INFO  marytts.Realised acoustparams extractor Power-on self test complete.
2022-06-20 14:40:38,898 [main] INFO  marytts.Realised durations extractor Module started (AUDIO->REALISED_DURATIONS, locale null).
2022-06-20 14:40:38,899 [main] INFO  marytts.Realised durations extractor Starting power-on self test.
2022-06-20 14:40:38,899 [main] INFO  marytts.Realised durations extractor Power-on self test complete.
2022-06-20 14:40:38,899 [main] INFO  marytts.Praat TextGrid generator Module started (REALISED_ACOUSTPARAMS->PRAAT_TEXTGRID, locale null).
2022-06-20 14:40:38,899 [main] INFO  marytts.Praat TextGrid generator Starting power-on self test.
2022-06-20 14:40:38,899 [main] INFO  marytts.Praat TextGrid generator Power-on self test complete.
2022-06-20 14:40:38,922 [main] INFO  marytts.main Startup complete.
2022-06-20 14:40:39,005 [Thread-1] INFO  marytts.main Shutting down modules...
2022-06-20 14:40:39,005 [Thread-1] INFO  marytts.JTokeniser Module shut down.
2022-06-20 14:40:39,005 [Thread-1] INFO  marytts.Preprocess Module shut down.
2022-06-20 14:40:39,005 [Thread-1] INFO  marytts.JPhonemiser Module shut down.
2022-06-20 14:40:39,005 [Thread-1] INFO  marytts.JPhonemiser Module shut down.
2022-06-20 14:40:39,005 [Thread-1] INFO  marytts.Prosody Module shut down.
2022-06-20 14:40:39,005 [Thread-1] INFO  marytts.SimplePhoneme2AP Module shut down.
2022-06-20 14:40:39,005 [Thread-1] INFO  marytts.PronunciationModel Module shut down.
2022-06-20 14:40:39,005 [Thread-1] INFO  marytts.OpenNLPPosTagger Module shut down.
2022-06-20 14:40:39,005 [Thread-1] INFO  marytts.Synthesis Module shut down.
2022-06-20 14:40:39,006 [Thread-1] INFO  marytts.TextToMaryXML Module shut down.
2022-06-20 14:40:39,006 [Thread-1] INFO  marytts.SableParser Module shut down.
2022-06-20 14:40:39,006 [Thread-1] INFO  marytts.SSMLParser Module shut down.
2022-06-20 14:40:39,006 [Thread-1] INFO  marytts.APMLParser Module shut down.
2022-06-20 14:40:39,006 [Thread-1] INFO  marytts.EmotionmlParser Module shut down.
2022-06-20 14:40:39,006 [Thread-1] INFO  marytts.JTokeniser Module shut down.
2022-06-20 14:40:39,006 [Thread-1] INFO  marytts.DummyTokens2Words Module shut down.
2022-06-20 14:40:39,006 [Thread-1] INFO  marytts.Prosody Module shut down.
